<?xml version="1.0" encoding="UTF-8"?>
<testsuite xmlns:xsi="http://www.w3.org/2001/XMLSchema-instance" xsi:noNamespaceSchemaLocation="https://maven.apache.org/surefire/maven-surefire-plugin/xsd/surefire-test-report-3.0.xsd" version="3.0" name="com.excelgen.NegativeTemplateTest" time="0.363" tests="4" errors="0" skipped="0" failures="0">
  <properties>
[...]
</properties>
  <testcase name="testDocumentation_WhatHappens" classname="com.excelgen.NegativeTemplateTest" time="0.003">
    <system-out><![CDATA[
Template structure (OLD JXLS 1.x style):
Row 3: Name: ${person.name}
Row 4: Age: ${person.age}
Row 6: <jx:if test="person.age < 18"> ← OLD syntax
Row 7: Parent: ${person.parentName}
Row 8: </jx:if> ← OLD syntax

========================================
NEGATIVE TEST: Using JXLS 1.x syntax with JXLS 2.x library
========================================


╔════════════════════════════════════════════════════════════════╗
║  WHAT HAPPENS WHEN YOU USE OLD SYNTAX WITH JXLS 2.x?          ║
╚════════════════════════════════════════════════════════════════╝

JXLS 1.x Syntax (OLD):
  <jx:if test="person.age < 18">
    Parent: ${person.parentName}
  </jx:if>

Behavior with JXLS 2.x:
  ❌ <jx:if> tag is treated as LITERAL TEXT
  ❌ </jx:if> tag is treated as LITERAL TEXT
  ❌ Variables ${...} are NOT evaluated (appear as literal text)
  ❌ Conditional logic does NOT work
  ❌ Template is copied AS-IS (no processing at all!)

Result:
  - The XML tags appear in your output Excel file
  - Variables like ${person.name} appear as literal text
  - Template processing completely fails
  - You MUST migrate to JXLS 2.x syntax

JXLS 2.x Syntax (NEW):
  jx:if(condition="person.age < 18", lastCell="B6")
  Parent: ${person.parentName}

Behavior with JXLS 2.x:
  ✅ Command is recognized and processed
  ✅ Condition is evaluated
  ✅ Content appears/disappears based on condition
  ✅ No command text appears in output

══════════════════════════════════════════════════════════════════
]]></system-out>
  </testcase>
  <testcase name="testOldSyntaxIsIgnored_AdultCase" classname="com.excelgen.NegativeTemplateTest" time="0.092">
    <system-out><![CDATA[
=== Test 2: Adult (age >= 18) with OLD syntax ===

Output content:
  Row 1: [Person Report (OLD JXLS 1.x Style)] 
  Row 2: 
  Row 3: [Name:] [${person.name}] 
  Row 4: [Age:] [${person.age}] 
  Row 5: 
  Row 6: [<jx:if test="person.age < 18">] 
  Row 7: [Parent:] [${person.parentName}] 
  Row 8: [</jx:if>] 
  Row 9: 
  Row 10: [⚠️ This template uses OLD JXLS 1.x syntax (won't work with JXLS 2.x)] 

✓ CONFIRMED: Template not processed at all with old syntax
  - No variable evaluation occurs
  - Template copied as-is to output
  - This proves old syntax is completely incompatible
]]></system-out>
    <system-err><![CDATA[[main] INFO org.jxls.util.TransformerFactory - Loading transformer by class org.jxls.transform.poi.PoiTransformer
]]></system-err>
  </testcase>
  <testcase name="testComparison_OldVsNew" classname="com.excelgen.NegativeTemplateTest" time="0.106">
    <system-out><![CDATA[
=== Test 3: Side-by-side comparison ===

--- OLD syntax output ---
Contains <jx:if>: true
Contains parent name: false

--- NEW syntax output ---
Contains jx:if command: true
Contains parent name: false

✓ COMPARISON COMPLETE
  OLD: Shows jx:if as text, parent always appears
  NEW: Evaluates condition properly, parent conditionally appears
]]></system-out>
    <system-err><![CDATA[[main] INFO org.jxls.util.TransformerFactory - Loading transformer by class org.jxls.transform.poi.PoiTransformer
[main] INFO org.jxls.util.TransformerFactory - Loading transformer by class org.jxls.transform.poi.PoiTransformer
]]></system-err>
  </testcase>
  <testcase name="testOldSyntaxIsIgnored_MinorCase" classname="com.excelgen.NegativeTemplateTest" time="0.037">
    <system-out><![CDATA[
=== Test 1: Minor (age < 18) with OLD syntax ===

Output content:
  Row 1: [Person Report (OLD JXLS 1.x Style)] 
  Row 2: 
  Row 3: [Name:] [${person.name}] 
  Row 4: [Age:] [${person.age}] 
  Row 5: 
  Row 6: [<jx:if test="person.age < 18">] 
  Row 7: [Parent:] [${person.parentName}] 
  Row 8: [</jx:if>] 
  Row 9: 
  Row 10: [⚠️ This template uses OLD JXLS 1.x syntax (won't work with JXLS 2.x)] 

✓ CONFIRMED: OLD syntax causes COMPLETE processing failure
  - Variables NOT evaluated: true
  - jx:if tags appear as text: true
  - Template copied as-is (no processing at all)
]]></system-out>
    <system-err><![CDATA[[main] INFO org.jxls.util.TransformerFactory - Loading transformer by class org.jxls.transform.poi.PoiTransformer
]]></system-err>
  </testcase>
</testsuite>