<?xml version="1.0" encoding="UTF-8"?>
<testsuite xmlns:xsi="http://www.w3.org/2001/XMLSchema-instance" xsi:noNamespaceSchemaLocation="https://maven.apache.org/surefire/maven-surefire-plugin/xsd/surefire-test-report-3.0.xsd" version="3.0" name="com.excelgen.PersonTemplateTest" time="0.257" tests="1" errors="0" skipped="0" failures="0">
  <properties>
[...]
</properties>
  <testcase name="testProcessTemplateWithAddress" classname="com.excelgen.PersonTemplateTest" time="0.251">
    <system-out><![CDATA[✓ Minor template with address processed successfully: /Users/tanmaypatil/excel-templating/minor_with_address_output.xlsx
]]></system-out>
    <system-err><![CDATA[[main] INFO org.jxls.template.SimpleExporter - you may change the SPI on file: META-INF/services/org.jxls.util.ServiceFactory
[main] INFO org.jxls.template.SimpleExporter - you may change the SPI on file: META-INF/services/org.jxls.util.JxlsConfigProvider
[main] INFO org.jxls.util.TransformerFactory - Loading transformer by class org.jxls.transform.poi.PoiTransformer
[main] INFO org.jxls.template.SimpleExporter - you may change the SPI on file: META-INF/services/org.jxls.expression.ExpressionEvaluatorFactory
]]></system-err>
  </testcase>
</testsuite>