<?xml version="1.0" encoding="UTF-8"?>
<testsuite xmlns:xsi="http://www.w3.org/2001/XMLSchema-instance" xsi:noNamespaceSchemaLocation="https://maven.apache.org/surefire/maven-surefire-plugin/xsd/surefire-test-report-3.0.xsd" version="3.0" name="com.excelgen.PersonTemplateTest" time="0.134" tests="5" errors="0" skipped="0" failures="0">
  <properties>
[...]
</properties>
  <testcase name="testMinorIncludesParentName" classname="com.excelgen.PersonTemplateTest" time="0.028">
    <system-out><![CDATA[✓ Minor template processed (check file to verify parent name appears)
]]></system-out>
    <system-err><![CDATA[[main] INFO org.jxls.util.TransformerFactory - Loading transformer by class org.jxls.transform.poi.PoiTransformer
]]></system-err>
  </testcase>
  <testcase name="testAdultExcludesParentName" classname="com.excelgen.PersonTemplateTest" time="0.023">
    <system-out><![CDATA[✓ Adult template processed (check file to verify parent name does NOT appear)
]]></system-out>
    <system-err><![CDATA[[main] INFO org.jxls.util.TransformerFactory - Loading transformer by class org.jxls.transform.poi.PoiTransformer
]]></system-err>
  </testcase>
  <testcase name="testProcessTemplateForAdult" classname="com.excelgen.PersonTemplateTest" time="0.032">
    <system-out><![CDATA[✓ Adult template processed successfully: C:\Users\u725561\AppData\Local\Temp\junit14826260435564942059\adult_output.xlsx
]]></system-out>
    <system-err><![CDATA[[main] INFO org.jxls.util.TransformerFactory - Loading transformer by class org.jxls.transform.poi.PoiTransformer
]]></system-err>
  </testcase>
  <testcase name="testProcessTemplateForMinor" classname="com.excelgen.PersonTemplateTest" time="0.024">
    <system-out><![CDATA[✓ Minor template processed successfully: C:\Users\u725561\AppData\Local\Temp\junit2519633904752392331\minor_output.xlsx
]]></system-out>
    <system-err><![CDATA[[main] INFO org.jxls.util.TransformerFactory - Loading transformer by class org.jxls.transform.poi.PoiTransformer
]]></system-err>
  </testcase>
  <testcase name="testBoundaryCase_Age18" classname="com.excelgen.PersonTemplateTest" time="0.023">
    <system-out><![CDATA[✓ Boundary case template processed (check file to verify parent name does NOT appear)
]]></system-out>
    <system-err><![CDATA[[main] INFO org.jxls.util.TransformerFactory - Loading transformer by class org.jxls.transform.poi.PoiTransformer
]]></system-err>
  </testcase>
</testsuite>